<?xml version="1.0" encoding="utf-8" standalone="no"?>
<test-results xmlns:xsi="http://www.w3.org/2001/XMLSchema-instance" xsi:noNamespaceSchemaLocation="nunit_schema_2.5.xsd" name="Pester" total="16" errors="0" failures="14" not-run="0" inconclusive="0" ignored="0" skipped="0" invalid="0" date="2026-09-08" time="02:47:22">
  <environment platform="Linux" clr-version="10.0.11" machine-name="runnervmgx7h7" cwd="/home/runner/work/global/global" user-domain="" user="runner" nunit-version="2.5.8.0" os-version="6.17.0-1022-azure" />
  <culture-info current-culture="" current-uiculture="" />
  <test-suite type="TestFixture" name="Pester" executed="True" result="Failure" success="False" time="11.6775" asserts="0" description="Pester">
    <results>
      <test-suite type="TestFixture" name="/home/runner/work/global/global/RunspacePool/RunspacePool.Tests.ps1" executed="True" result="Failure" success="False" time="11.6775" asserts="0" description="/home/runner/work/global/global/RunspacePool/RunspacePool.Tests.ps1">
        <results>
          <test-suite type="TestFixture" name="RunspacePool server" executed="True" result="Failure" success="False" time="11.0883" asserts="0" description="RunspacePool server">
            <results>
              <test-suite type="TestFixture" name="RunspacePool server.Lifecycle" executed="True" result="Failure" success="False" time="1.0815" asserts="0" description="RunspacePool server.Lifecycle">
                <results>
                  <test-case description="is not running before Start-TestServer is called" name="RunspacePool server.Lifecycle.is not running before Start-TestServer is called" time="0.3763" asserts="0" success="True" result="Success" executed="True" />
                  <test-case description="starts and responds to Test-RunspacePoolServer" name="RunspacePool server.Lifecycle.starts and responds to Test-RunspacePoolServer" time="0.3909" asserts="0" success="False" result="Failure" executed="True">
                    <failure>
                      <message>NotSupportedException: The parameter '-WindowStyle' is not supported for the cmdlet 'Start-Process' on this edition of PowerShell.</message>
                      <stack-trace>at Start-RunspacePoolServer, /home/runner/work/global/global/RunspacePool/RunspacePool.psm1:99
at Start-TestServer, /home/runner/work/global/global/RunspacePool/RunspacePool.Tests.ps1:29
at &lt;ScriptBlock&gt;, /home/runner/work/global/global/RunspacePool/RunspacePool.Tests.ps1:54</stack-trace>
                    </failure>
                  </test-case>
                  <test-case description="reports pool status" name="RunspacePool server.Lifecycle.reports pool status" time="0.2898" asserts="0" success="False" result="Failure" executed="True">
                    <failure>
                      <message>Expected the actual value to be greater than or equal to 0, but got $null.</message>
                      <stack-trace>at $status.AvailablePoolRunspaces | Should -BeGreaterOrEqual 0, /home/runner/work/global/global/RunspacePool/RunspacePool.Tests.ps1:60
at &lt;ScriptBlock&gt;, /home/runner/work/global/global/RunspacePool/RunspacePool.Tests.ps1:60</stack-trace>
                    </failure>
                  </test-case>
                </results>
              </test-suite>
              <test-suite type="TestFixture" name="RunspacePool server.Pool session (isolated, parallel-safe)" executed="True" result="Failure" success="False" time="9.0152" asserts="0" description="RunspacePool server.Pool session (isolated, parallel-safe)">
                <results>
                  <test-case description="runs a simple script and returns output" name="RunspacePool server.Pool session (isolated, parallel-safe).runs a simple script and returns output" time="0.5233" asserts="0" success="False" result="Failure" executed="True">
                    <failure>
                      <message>NotSupportedException: The parameter '-WindowStyle' is not supported for the cmdlet 'Start-Process' on this edition of PowerShell.</message>
                      <stack-trace>at Start-RunspacePoolServer, /home/runner/work/global/global/RunspacePool/RunspacePool.psm1:99
at Invoke-PooledScript, /home/runner/work/global/global/RunspacePool/RunspacePool.psm1:162
at &lt;ScriptBlock&gt;, /home/runner/work/global/global/RunspacePool/RunspacePool.Tests.ps1:66</stack-trace>
                    </failure>
                  </test-case>
                  <test-case description="does not share state between separate pool calls" name="RunspacePool server.Pool session (isolated, parallel-safe).does not share state between separate pool calls" time="0.5198" asserts="0" success="False" result="Failure" executed="True">
                    <failure>
                      <message>NotSupportedException: The parameter '-WindowStyle' is not supported for the cmdlet 'Start-Process' on this edition of PowerShell.</message>
                      <stack-trace>at Start-RunspacePoolServer, /home/runner/work/global/global/RunspacePool/RunspacePool.psm1:99
at Invoke-PooledScript, /home/runner/work/global/global/RunspacePool/RunspacePool.psm1:162
at &lt;ScriptBlock&gt;, /home/runner/work/global/global/RunspacePool/RunspacePool.Tests.ps1:71</stack-trace>
                    </failure>
                  </test-case>
                  <test-case description="does not see primary session state" name="RunspacePool server.Pool session (isolated, parallel-safe).does not see primary session state" time="0.518" asserts="0" success="False" result="Failure" executed="True">
                    <failure>
                      <message>NotSupportedException: The parameter '-WindowStyle' is not supported for the cmdlet 'Start-Process' on this edition of PowerShell.</message>
                      <stack-trace>at Start-RunspacePoolServer, /home/runner/work/global/global/RunspacePool/RunspacePool.psm1:99
at Invoke-PooledScript, /home/runner/work/global/global/RunspacePool/RunspacePool.psm1:162
at &lt;ScriptBlock&gt;, /home/runner/work/global/global/RunspacePool/RunspacePool.Tests.ps1:77</stack-trace>
                    </failure>
                  </test-case>
                  <test-case description="surfaces script output before a thrown error, without crashing the server" name="RunspacePool server.Pool session (isolated, parallel-safe).surfaces script output before a thrown error, without crashing the server" time="0.521" asserts="0" success="False" result="Failure" executed="True">
                    <failure>
                      <message>NotSupportedException: The parameter '-WindowStyle' is not supported for the cmdlet 'Start-Process' on this edition of PowerShell.</message>
                      <stack-trace>at Start-RunspacePoolServer, /home/runner/work/global/global/RunspacePool/RunspacePool.psm1:99
at Invoke-PooledScript, /home/runner/work/global/global/RunspacePool/RunspacePool.psm1:162
at &lt;ScriptBlock&gt;, /home/runner/work/global/global/RunspacePool/RunspacePool.Tests.ps1:83</stack-trace>
                    </failure>
                  </test-case>
                  <test-case description="keeps serving requests after a script throws" name="RunspacePool server.Pool session (isolated, parallel-safe).keeps serving requests after a script throws" time="0.2748" asserts="0" success="False" result="Failure" executed="True">
                    <failure>
                      <message>Expected $true, but got $false.</message>
                      <stack-trace>at Test-RunspacePoolServer | Should -BeTrue, /home/runner/work/global/global/RunspacePool/RunspacePool.Tests.ps1:88
at &lt;ScriptBlock&gt;, /home/runner/work/global/global/RunspacePool/RunspacePool.Tests.ps1:88</stack-trace>
                    </failure>
                  </test-case>
                  <test-case description="runs concurrently: 4 sleeps of 1s each complete well under 4s serial time" name="RunspacePool server.Pool session (isolated, parallel-safe).runs concurrently: 4 sleeps of 1s each complete well under 4s serial time" time="5.5719" asserts="0" success="False" result="Failure" executed="True">
                    <failure>
                      <message>Expected 4, but got 0.</message>
                      <stack-trace>at $results.Count | Should -Be 4, /home/runner/work/global/global/RunspacePool/RunspacePool.Tests.ps1:108
at &lt;ScriptBlock&gt;, /home/runner/work/global/global/RunspacePool/RunspacePool.Tests.ps1:108</stack-trace>
                    </failure>
                  </test-case>
                </results>
              </test-suite>
              <test-suite type="TestFixture" name="RunspacePool server.Primary session (persistent state)" executed="True" result="Failure" success="False" time="10.0426" asserts="0" description="RunspacePool server.Primary session (persistent state)">
                <results>
                  <test-case description="persists variables across separate calls" name="RunspacePool server.Primary session (persistent state).persists variables across separate calls" time="0.5148" asserts="0" success="False" result="Failure" executed="True">
                    <failure>
                      <message>NotSupportedException: The parameter '-WindowStyle' is not supported for the cmdlet 'Start-Process' on this edition of PowerShell.</message>
                      <stack-trace>at Start-RunspacePoolServer, /home/runner/work/global/global/RunspacePool/RunspacePool.psm1:99
at Invoke-PooledScript, /home/runner/work/global/global/RunspacePool/RunspacePool.psm1:162
at &lt;ScriptBlock&gt;, /home/runner/work/global/global/RunspacePool/RunspacePool.Tests.ps1:116</stack-trace>
                    </failure>
                  </test-case>
                  <test-case description="persists working directory across separate calls" name="RunspacePool server.Primary session (persistent state).persists working directory across separate calls" time="0.5086" asserts="0" success="False" result="Failure" executed="True">
                    <failure>
                      <message>NotSupportedException: The parameter '-WindowStyle' is not supported for the cmdlet 'Start-Process' on this edition of PowerShell.</message>
                      <stack-trace>at Start-RunspacePoolServer, /home/runner/work/global/global/RunspacePool/RunspacePool.psm1:99
at Invoke-PooledScript, /home/runner/work/global/global/RunspacePool/RunspacePool.psm1:162
at &lt;ScriptBlock&gt;, /home/runner/work/global/global/RunspacePool/RunspacePool.Tests.ps1:122</stack-trace>
                    </failure>
                  </test-case>
                </results>
              </test-suite>
              <test-suite type="TestFixture" name="RunspacePool server.Seeding (spawned runspaces mimic the parent session)" executed="True" result="Failure" success="False" time="10.3096" asserts="0" description="RunspacePool server.Seeding (spawned runspaces mimic the parent session)">
                <results>
                  <test-case description="captures the calling session as a seed (modules + location)" name="RunspacePool server.Seeding (spawned runspaces mimic the parent session).captures the calling session as a seed (modules + location)" time="0" asserts="0" success="False" result="Failure" executed="True">
                    <failure>
                      <message>This test should run but it did not. Most likely a setup in some parent block failed.</message>
                      <stack-trace />
                    </failure>
                  </test-case>
                  <test-case description="starts a fresh pool runspace already in the parent location, without an explicit cd" name="RunspacePool server.Seeding (spawned runspaces mimic the parent session).starts a fresh pool runspace already in the parent location, without an explicit cd" time="0" asserts="0" success="False" result="Failure" executed="True">
                    <failure>
                      <message>This test should run but it did not. Most likely a setup in some parent block failed.</message>
                      <stack-trace />
                    </failure>
                  </test-case>
                  <test-case description="starts a fresh pool runspace with the parent's modules already imported" name="RunspacePool server.Seeding (spawned runspaces mimic the parent session).starts a fresh pool runspace with the parent's modules already imported" time="0" asserts="0" success="False" result="Failure" executed="True">
                    <failure>
                      <message>This test should run but it did not. Most likely a setup in some parent block failed.</message>
                      <stack-trace />
                    </failure>
                  </test-case>
                  <test-case description="starts the primary runspace already in the parent location" name="RunspacePool server.Seeding (spawned runspaces mimic the parent session).starts the primary runspace already in the parent location" time="0" asserts="0" success="False" result="Failure" executed="True">
                    <failure>
                      <message>This test should run but it did not. Most likely a setup in some parent block failed.</message>
                      <stack-trace />
                    </failure>
                  </test-case>
                </results>
              </test-suite>
              <test-suite type="TestFixture" name="RunspacePool server.Shutdown" executed="True" result="Success" success="True" time="11.0802" asserts="0" description="RunspacePool server.Shutdown">
                <results>
                  <test-case description="stops the server on Stop-RunspacePoolServer" name="RunspacePool server.Shutdown.stops the server on Stop-RunspacePoolServer" time="0.7668" asserts="0" success="True" result="Success" executed="True" />
                </results>
              </test-suite>
            </results>
          </test-suite>
        </results>
      </test-suite>
    </results>
  </test-suite>
</test-results>